<?xml version="1.0" encoding="UTF-8"?>
<testsuite name="co.edu.uniquindio.moonmarket.UsuarioTest" tests="1" skipped="0" failures="0" errors="0" timestamp="2023-04-26T02:31:11" hostname="cristian-HP-Laptop-15-ef1xxx" time="0.287">
  <properties/>
  <testcase name="crearUsuarioTest()" classname="co.edu.uniquindio.moonmarket.UsuarioTest" time="0.287"/>
  <system-out><![CDATA[21:31:02.973 [Test worker] DEBUG org.springframework.boot.test.context.SpringBootTestContextBootstrapper - Neither @ContextConfiguration nor @ContextHierarchy found for test class [UsuarioTest]: using SpringBootContextLoader
21:31:02.978 [Test worker] DEBUG org.springframework.test.context.support.AbstractContextLoader - Could not detect default resource locations for test class [co.edu.uniquindio.moonmarket.UsuarioTest]: no resource found for suffixes {-context.xml, Context.groovy}.
21:31:02.979 [Test worker] INFO org.springframework.test.context.support.AnnotationConfigContextLoaderUtils - Could not detect default configuration classes for test class [co.edu.uniquindio.moonmarket.UsuarioTest]: UsuarioTest does not declare any static, non-private, non-final, nested classes annotated with @Configuration.
21:31:03.022 [Test worker] DEBUG org.springframework.boot.test.context.SpringBootTestContextBootstrapper - Using ContextCustomizers for test class [UsuarioTest]: [DisableObservabilityContextCustomizer, PropertyMappingContextCustomizer, Customizer, ExcludeFilterContextCustomizer, DuplicateJsonObjectContextCustomizer, MockitoContextCustomizer, TestRestTemplateContextCustomizer]
21:31:03.149 [Test worker] DEBUG org.springframework.context.annotation.ClassPathScanningCandidateComponentProvider - Identified candidate component class: file [/home/brahian/Documents/MoonMarket/build/classes/java/main/co/edu/uniquindio/moonmarket/ProyectoApplication.class]
21:31:03.152 [Test worker] INFO org.springframework.boot.test.context.SpringBootTestContextBootstrapper - Found @SpringBootConfiguration co.edu.uniquindio.moonmarket.ProyectoApplication for test class co.edu.uniquindio.moonmarket.UsuarioTest
21:31:03.282 [Test worker] DEBUG org.springframework.boot.test.context.SpringBootTestContextBootstrapper - Using TestExecutionListeners for test class [UsuarioTest]: [ServletTestExecutionListener, DirtiesContextBeforeModesTestExecutionListener, ApplicationEventsTestExecutionListener, MockitoTestExecutionListener, DependencyInjectionTestExecutionListener, DirtiesContextTestExecutionListener, TransactionalTestExecutionListener, SqlScriptsTestExecutionListener, EventPublishingTestExecutionListener, RestDocsTestExecutionListener, MockRestServiceServerResetTestExecutionListener, MockMvcPrintOnlyOnFailureTestExecutionListener, WebDriverTestExecutionListener, MockWebServiceServerTestExecutionListener, ResetMocksTestExecutionListener]
21:31:03.284 [Test worker] DEBUG org.springframework.test.context.support.AbstractDirtiesContextTestExecutionListener - Before test class: class [UsuarioTest], class annotated with @DirtiesContext [false] with mode [null]

  .   ____          _            __ _ _
 /\\ / ___'_ __ _ _(_)_ __  __ _ \ \ \ \
( ( )\___ | '_ | '_| | '_ \/ _` | \ \ \ \
 \\/  ___)| |_)| | | | | || (_| |  ) ) ) )
  '  |____| .__|_| |_|_| |_\__, | / / / /
 =========|_|==============|___/=/_/_/_/
 :: Spring Boot ::                (v3.0.1)

2023-04-25T21:31:03.693-05:00  INFO 21657 --- [    Test worker] c.edu.uniquindio.moonmarket.UsuarioTest  : Starting UsuarioTest using Java 17.0.6 with PID 21657 (started by brahian in /home/brahian/Documents/MoonMarket)
2023-04-25T21:31:03.695-05:00  INFO 21657 --- [    Test worker] c.edu.uniquindio.moonmarket.UsuarioTest  : No active profile set, falling back to 1 default profile: "default"
2023-04-25T21:31:04.940-05:00  INFO 21657 --- [    Test worker] .s.d.r.c.RepositoryConfigurationDelegate : Bootstrapping Spring Data JPA repositories in DEFAULT mode.
2023-04-25T21:31:05.079-05:00  INFO 21657 --- [    Test worker] .s.d.r.c.RepositoryConfigurationDelegate : Finished Spring Data repository scanning in 127 ms. Found 9 JPA repository interfaces.
2023-04-25T21:31:05.747-05:00  INFO 21657 --- [    Test worker] o.hibernate.jpa.internal.util.LogHelper  : HHH000204: Processing PersistenceUnitInfo [name: default]
2023-04-25T21:31:05.804-05:00  INFO 21657 --- [    Test worker] org.hibernate.Version                    : HHH000412: Hibernate ORM core version 6.1.6.Final
2023-04-25T21:31:06.041-05:00  WARN 21657 --- [    Test worker] org.hibernate.orm.deprecation            : HHH90000021: Encountered deprecated setting [javax.persistence.sharedCache.mode], use [jakarta.persistence.sharedCache.mode] instead
2023-04-25T21:31:06.250-05:00  INFO 21657 --- [    Test worker] com.zaxxer.hikari.HikariDataSource       : HikariPool-1 - Starting...
2023-04-25T21:31:06.813-05:00  INFO 21657 --- [    Test worker] com.zaxxer.hikari.pool.HikariPool        : HikariPool-1 - Added connection com.mysql.cj.jdbc.ConnectionImpl@7d7b4e04
2023-04-25T21:31:06.816-05:00  INFO 21657 --- [    Test worker] com.zaxxer.hikari.HikariDataSource       : HikariPool-1 - Start completed.
2023-04-25T21:31:06.904-05:00  INFO 21657 --- [    Test worker] SQL dialect                              : HHH000400: Using dialect: org.hibernate.dialect.MySQLDialect
2023-04-25T21:31:08.497-05:00  INFO 21657 --- [    Test worker] o.h.e.t.j.p.i.JtaPlatformInitiator       : HHH000490: Using JtaPlatform implementation: [org.hibernate.engine.transaction.jta.platform.internal.NoJtaPlatform]
2023-04-25T21:31:08.508-05:00  INFO 21657 --- [    Test worker] j.LocalContainerEntityManagerFactoryBean : Initialized JPA EntityManagerFactory for persistence unit 'default'
2023-04-25T21:31:09.579-05:00  WARN 21657 --- [    Test worker] JpaBaseConfiguration$JpaWebConfiguration : spring.jpa.open-in-view is enabled by default. Therefore, database queries may be performed during view rendering. Explicitly configure spring.jpa.open-in-view to disable this warning
2023-04-25T21:31:10.865-05:00  INFO 21657 --- [    Test worker] o.s.s.web.DefaultSecurityFilterChain     : Will secure any request with [org.springframework.security.web.session.DisableEncodeUrlFilter@37b04a2a, org.springframework.security.web.context.request.async.WebAsyncManagerIntegrationFilter@3b910a4b, org.springframework.security.web.context.SecurityContextHolderFilter@3b75fdd0, org.springframework.security.web.header.HeaderWriterFilter@7c3bac88, org.springframework.web.filter.CorsFilter@2ae92511, org.springframework.security.web.authentication.logout.LogoutFilter@637bf67c, co.edu.uniquindio.moonmarket.seguridad.config.JwtAuthenticationFilter@2122b4bd, org.springframework.security.web.savedrequest.RequestCacheAwareFilter@3c7e7ffd, org.springframework.security.web.servletapi.SecurityContextHolderAwareRequestFilter@372b2573, org.springframework.security.web.authentication.AnonymousAuthenticationFilter@582ce329, org.springframework.security.web.session.SessionManagementFilter@7f129873, org.springframework.security.web.access.ExceptionTranslationFilter@36afd06f, org.springframework.security.web.access.intercept.AuthorizationFilter@38769b6c]
2023-04-25T21:31:11.288-05:00  INFO 21657 --- [    Test worker] c.edu.uniquindio.moonmarket.UsuarioTest  : Started UsuarioTest in 7.944 seconds (process running for 9.578)
]]></system-out>
  <system-err><![CDATA[]]></system-err>
</testsuite>
