<?xml version="1.0" encoding="UTF-8"?>
<testsuite name="co.edu.uniquindio.moonmarket.ComentarioTest" tests="1" skipped="0" failures="0" errors="0" timestamp="2023-05-29T02:25:33" hostname="DESKTOP-LECUG15" time="0.181">
  <properties/>
  <testcase name="registrarComentario()" classname="co.edu.uniquindio.moonmarket.ComentarioTest" time="0.181"/>
  <system-out><![CDATA[21:25:27.112 [Test worker] DEBUG org.springframework.boot.test.context.SpringBootTestContextBootstrapper - Neither @ContextConfiguration nor @ContextHierarchy found for test class [ComentarioTest]: using SpringBootContextLoader
21:25:27.116 [Test worker] DEBUG org.springframework.test.context.support.AbstractContextLoader - Could not detect default resource locations for test class [co.edu.uniquindio.moonmarket.ComentarioTest]: no resource found for suffixes {-context.xml, Context.groovy}.
21:25:27.116 [Test worker] INFO org.springframework.test.context.support.AnnotationConfigContextLoaderUtils - Could not detect default configuration classes for test class [co.edu.uniquindio.moonmarket.ComentarioTest]: ComentarioTest does not declare any static, non-private, non-final, nested classes annotated with @Configuration.
21:25:27.141 [Test worker] DEBUG org.springframework.boot.test.context.SpringBootTestContextBootstrapper - Using ContextCustomizers for test class [ComentarioTest]: [DisableObservabilityContextCustomizer, PropertyMappingContextCustomizer, Customizer, ExcludeFilterContextCustomizer, DuplicateJsonObjectContextCustomizer, MockitoContextCustomizer, TestRestTemplateContextCustomizer]
21:25:27.212 [Test worker] DEBUG org.springframework.context.annotation.ClassPathScanningCandidateComponentProvider - Identified candidate component class: file [C:\Users\Brahian\Desktop\Proyecto SOFTWARE DEFINITIVO\MoonMarket\build\classes\java\main\co\edu\uniquindio\moonmarket\ProyectoApplication.class]
21:25:27.213 [Test worker] INFO org.springframework.boot.test.context.SpringBootTestContextBootstrapper - Found @SpringBootConfiguration co.edu.uniquindio.moonmarket.ProyectoApplication for test class co.edu.uniquindio.moonmarket.ComentarioTest
21:25:27.302 [Test worker] DEBUG org.springframework.boot.test.context.SpringBootTestContextBootstrapper - Using TestExecutionListeners for test class [ComentarioTest]: [ServletTestExecutionListener, DirtiesContextBeforeModesTestExecutionListener, ApplicationEventsTestExecutionListener, MockitoTestExecutionListener, DependencyInjectionTestExecutionListener, DirtiesContextTestExecutionListener, TransactionalTestExecutionListener, SqlScriptsTestExecutionListener, EventPublishingTestExecutionListener, RestDocsTestExecutionListener, MockRestServiceServerResetTestExecutionListener, MockMvcPrintOnlyOnFailureTestExecutionListener, WebDriverTestExecutionListener, MockWebServiceServerTestExecutionListener, ResetMocksTestExecutionListener]
21:25:27.303 [Test worker] DEBUG org.springframework.test.context.support.AbstractDirtiesContextTestExecutionListener - Before test class: class [ComentarioTest], class annotated with @DirtiesContext [false] with mode [null]

  .   ____          _            __ _ _
 /\\ / ___'_ __ _ _(_)_ __  __ _ \ \ \ \
( ( )\___ | '_ | '_| | '_ \/ _` | \ \ \ \
 \\/  ___)| |_)| | | | | || (_| |  ) ) ) )
  '  |____| .__|_| |_|_| |_\__, | / / / /
 =========|_|==============|___/=/_/_/_/
 :: Spring Boot ::                (v3.0.1)

2023-05-28T21:25:27.554-05:00  INFO 5444 --- [    Test worker] c.e.u.moonmarket.ComentarioTest          : Starting ComentarioTest using Java 17.0.5 with PID 5444 (started by Brahian in C:\Users\Brahian\Desktop\Proyecto SOFTWARE DEFINITIVO\MoonMarket)
2023-05-28T21:25:27.555-05:00  INFO 5444 --- [    Test worker] c.e.u.moonmarket.ComentarioTest          : No active profile set, falling back to 1 default profile: "default"
2023-05-28T21:25:28.229-05:00  INFO 5444 --- [    Test worker] .s.d.r.c.RepositoryConfigurationDelegate : Bootstrapping Spring Data JPA repositories in DEFAULT mode.
2023-05-28T21:25:28.312-05:00  INFO 5444 --- [    Test worker] .s.d.r.c.RepositoryConfigurationDelegate : Finished Spring Data repository scanning in 76 ms. Found 9 JPA repository interfaces.
2023-05-28T21:25:28.728-05:00  INFO 5444 --- [    Test worker] o.hibernate.jpa.internal.util.LogHelper  : HHH000204: Processing PersistenceUnitInfo [name: default]
2023-05-28T21:25:28.778-05:00  INFO 5444 --- [    Test worker] org.hibernate.Version                    : HHH000412: Hibernate ORM core version 6.1.6.Final
2023-05-28T21:25:28.947-05:00  WARN 5444 --- [    Test worker] org.hibernate.orm.deprecation            : HHH90000021: Encountered deprecated setting [javax.persistence.sharedCache.mode], use [jakarta.persistence.sharedCache.mode] instead
2023-05-28T21:25:29.063-05:00  INFO 5444 --- [    Test worker] com.zaxxer.hikari.HikariDataSource       : HikariPool-1 - Starting...
2023-05-28T21:25:29.316-05:00  INFO 5444 --- [    Test worker] com.zaxxer.hikari.pool.HikariPool        : HikariPool-1 - Added connection com.mysql.cj.jdbc.ConnectionImpl@b2da3a5
2023-05-28T21:25:29.318-05:00  INFO 5444 --- [    Test worker] com.zaxxer.hikari.HikariDataSource       : HikariPool-1 - Start completed.
2023-05-28T21:25:29.370-05:00  INFO 5444 --- [    Test worker] SQL dialect                              : HHH000400: Using dialect: org.hibernate.dialect.MySQLDialect
Hibernate: create table categoria (id integer not null auto_increment, nombre varchar(255), primary key (id)) engine=InnoDB
Hibernate: create table comentario (id integer not null auto_increment, descripcion varchar(255), eliminado bit not null, fecha date, puntuacion float(23) not null, id_publicacion integer, cedula_usuario varchar(255), primary key (id)) engine=InnoDB
Hibernate: create table compra (id integer not null auto_increment, fecha date, medio_pago varchar(255), valor_total float(23) not null, usuario_cedula varchar(255), primary key (id)) engine=InnoDB
Hibernate: create table compra_producto (id_compra_producto integer not null auto_increment, cantidad integer not null, id_compra integer, id_publicacion integer, primary key (id_compra_producto)) engine=InnoDB
Hibernate: create table imagen (url varchar(255) not null, cedula_moderador varchar(255), id_publicacion integer, cedula_usuario varchar(255), primary key (url)) engine=InnoDB
Hibernate: create table moderador (cedula varchar(10) not null, contrasena varchar(255) not null, direccion varchar(255) not null, email varchar(255), nombre varchar(100) not null, num_tel varchar(10), primary key (cedula)) engine=InnoDB
Hibernate: create table producto (id integer not null auto_increment, descripcion varchar(255), nombre varchar(255), primary key (id)) engine=InnoDB
Hibernate: create table producto_categoria (id_producto integer not null, id_categoria integer not null) engine=InnoDB
Hibernate: create table producto_favorito (id_publicacion integer not null, cedula_usuario varchar(255) not null) engine=InnoDB
Hibernate: create table publicacion_producto (id_publicacion_producto integer not null auto_increment, cantidad integer not null, eliminado bit not null, estado varchar(255), fecha_limite datetime(6), precio float(23) not null, titulo varchar(255), cedula_creador varchar(255), id_producto integer, primary key (id_publicacion_producto)) engine=InnoDB
Hibernate: create table usuario (cedula varchar(10) not null, contrasena varchar(255) not null, direccion varchar(255) not null, email varchar(255), nombre varchar(100) not null, num_tel varchar(10), estado varchar(255), nick_name varchar(255) not null, primary key (cedula)) engine=InnoDB
Hibernate: alter table categoria drop index UK_35t4wyxqrevf09uwx9e9p6o75
Hibernate: alter table categoria add constraint UK_35t4wyxqrevf09uwx9e9p6o75 unique (nombre)
Hibernate: alter table usuario drop index UKppu4gryxm1l0lhx6d9u3iv9t1
Hibernate: alter table usuario add constraint UKppu4gryxm1l0lhx6d9u3iv9t1 unique (nick_name)
Hibernate: alter table comentario add constraint FKfyi9r92w7efp6o97asukqni2e foreign key (id_publicacion) references publicacion_producto (id_publicacion_producto)
Hibernate: alter table comentario add constraint FKaisvlaa9e1yv81ekg5era10nr foreign key (cedula_usuario) references usuario (cedula)
Hibernate: alter table compra add constraint FKkvtlysdh3b53ibcpx7avj28lt foreign key (usuario_cedula) references usuario (cedula)
Hibernate: alter table compra_producto add constraint FK63nkvk665ng4wy2rpgjd8k7u3 foreign key (id_compra) references compra (id)
Hibernate: alter table compra_producto add constraint FKorsipt39f7hw8udd2gm09siny foreign key (id_publicacion) references publicacion_producto (id_publicacion_producto)
Hibernate: alter table imagen add constraint FKrvhvvug8udsv8atfd9lbridy foreign key (cedula_moderador) references moderador (cedula)
Hibernate: alter table imagen add constraint FKlb9dcs8uwtrrc999yd82pniyh foreign key (id_publicacion) references publicacion_producto (id_publicacion_producto)
Hibernate: alter table imagen add constraint FK9sa2bdow8ti0snlnv2l64137d foreign key (cedula_usuario) references usuario (cedula)
Hibernate: alter table producto_categoria add constraint FKgwvyylk3oo917u8d8pq27olq7 foreign key (id_categoria) references categoria (id)
Hibernate: alter table producto_categoria add constraint FKny56r8kiy3rt023t3ghlpre87 foreign key (id_producto) references producto (id)
Hibernate: alter table producto_favorito add constraint FKkd4khi0h8emnerwmoit2ae0yb foreign key (cedula_usuario) references usuario (cedula)
Hibernate: alter table producto_favorito add constraint FK1ccjnwa1s5bbdem4vv7e9efux foreign key (id_publicacion) references publicacion_producto (id_publicacion_producto)
Hibernate: alter table publicacion_producto add constraint FKivnllhg26m08quo1ugidbife9 foreign key (cedula_creador) references usuario (cedula)
Hibernate: alter table publicacion_producto add constraint FKdaantmvq87or7x50hput2mr29 foreign key (id_producto) references producto (id)
2023-05-28T21:25:31.091-05:00  INFO 5444 --- [    Test worker] o.h.e.t.j.p.i.JtaPlatformInitiator       : HHH000490: Using JtaPlatform implementation: [org.hibernate.engine.transaction.jta.platform.internal.NoJtaPlatform]
2023-05-28T21:25:31.099-05:00  INFO 5444 --- [    Test worker] j.LocalContainerEntityManagerFactoryBean : Initialized JPA EntityManagerFactory for persistence unit 'default'
2023-05-28T21:25:31.990-05:00  WARN 5444 --- [    Test worker] JpaBaseConfiguration$JpaWebConfiguration : spring.jpa.open-in-view is enabled by default. Therefore, database queries may be performed during view rendering. Explicitly configure spring.jpa.open-in-view to disable this warning
2023-05-28T21:25:32.733-05:00  INFO 5444 --- [    Test worker] o.s.s.web.DefaultSecurityFilterChain     : Will secure any request with [org.springframework.security.web.session.DisableEncodeUrlFilter@2d4df467, org.springframework.security.web.context.request.async.WebAsyncManagerIntegrationFilter@65c2610f, org.springframework.security.web.context.SecurityContextHolderFilter@376a34fb, org.springframework.security.web.header.HeaderWriterFilter@ab98032, org.springframework.web.filter.CorsFilter@73e4ecb, org.springframework.security.web.authentication.logout.LogoutFilter@42d039ef, co.edu.uniquindio.moonmarket.seguridad.config.JwtAuthenticationFilter@f4a21cb, org.springframework.security.web.savedrequest.RequestCacheAwareFilter@19544898, org.springframework.security.web.servletapi.SecurityContextHolderAwareRequestFilter@50fd7d94, org.springframework.security.web.authentication.AnonymousAuthenticationFilter@1942a960, org.springframework.security.web.session.SessionManagementFilter@618b147b, org.springframework.security.web.access.ExceptionTranslationFilter@37ecff9, org.springframework.security.web.access.intercept.AuthorizationFilter@337f6716]
2023-05-28T21:25:33.014-05:00  INFO 5444 --- [    Test worker] c.e.u.moonmarket.ComentarioTest          : Started ComentarioTest in 5.671 seconds (process running for 6.734)
]]></system-out>
  <system-err><![CDATA[]]></system-err>
</testsuite>
